<?xml version="1.0" encoding="UTF-8"?>
<testng-results skipped="0" failed="0" ignored="0" total="1" passed="1">
  <reporter-output>
  </reporter-output>
  <suite name="Surefire suite" duration-ms="11" started-at="2022-03-22T18:12:14 IST" finished-at="2022-03-22T18:12:14 IST">
    <groups>
    </groups>
    <test name="Surefire test" duration-ms="11" started-at="2022-03-22T18:12:14 IST" finished-at="2022-03-22T18:12:14 IST">
      <class name="Maven.AppTest">
        <test-method status="PASS" signature="testApp()[pri:0, instance:testApp(Maven.AppTest)]" name="testApp" duration-ms="1" started-at="2022-03-22T18:12:14 IST" finished-at="2022-03-22T18:12:14 IST">
          <reporter-output>
          </reporter-output>
        </test-method> <!-- testApp -->
      </class> <!-- Maven.AppTest -->
    </test> <!-- Surefire test -->
  </suite> <!-- Surefire suite -->
</testng-results>
