<?xml version="1.0" encoding="UTF-8"?>
<!-- Generated by org.testng.reporters.JUnitXMLReporter -->
<testsuite hostname="Vivkes-Mac-mini.local" ignored="0" name="Surefire test" tests="6" failures="0" timestamp="2022-03-22T18:12:14 IST" time="0.064" errors="0">
  <testcase name="IOSApps" time="0.006" classname="Maven.AppiumTest"/>
  <testcase name="NavtiveApps" time="0.0" classname="Maven.AppiumTest"/>
  <testcase name="deleteTwitter" time="0.0" classname="Maven.ApiTest"/>
  <testcase name="postjira" time="0.0" classname="Maven.ApiTest"/>
  <testcase name="BrowserAutomation" time="0.001" classname="Maven.seleniumTest"/>
  <testcase name="ElmentsUI" time="0.0" classname="Maven.seleniumTest"/>
</testsuite> <!-- Surefire test -->
