<?xml version="1.0" encoding="UTF-8"?>
<testng-results skipped="0" failed="0" ignored="0" total="6" passed="6">
  <reporter-output>
  </reporter-output>
  <suite name="Surefire suite" duration-ms="64" started-at="2022-03-22T18:12:14 IST" finished-at="2022-03-22T18:12:14 IST">
    <groups>
    </groups>
    <test name="Surefire test" duration-ms="64" started-at="2022-03-22T18:12:14 IST" finished-at="2022-03-22T18:12:14 IST">
      <class name="Maven.ApiTest">
        <test-method status="PASS" signature="deleteTwitter()[pri:0, instance:Maven.ApiTest@610694f1]" name="deleteTwitter" duration-ms="0" started-at="2022-03-22T18:12:14 IST" finished-at="2022-03-22T18:12:14 IST">
          <reporter-output>
          </reporter-output>
        </test-method> <!-- deleteTwitter -->
        <test-method status="PASS" signature="postjira()[pri:0, instance:Maven.ApiTest@610694f1]" name="postjira" duration-ms="0" started-at="2022-03-22T18:12:14 IST" finished-at="2022-03-22T18:12:14 IST">
          <reporter-output>
          </reporter-output>
        </test-method> <!-- postjira -->
      </class> <!-- Maven.ApiTest -->
      <class name="Maven.AppiumTest">
        <test-method status="PASS" signature="IOSApps()[pri:0, instance:Maven.AppiumTest@2b9627bc]" name="IOSApps" duration-ms="6" started-at="2022-03-22T18:12:14 IST" finished-at="2022-03-22T18:12:14 IST">
          <reporter-output>
          </reporter-output>
        </test-method> <!-- IOSApps -->
        <test-method status="PASS" signature="NavtiveApps()[pri:0, instance:Maven.AppiumTest@2b9627bc]" name="NavtiveApps" duration-ms="0" started-at="2022-03-22T18:12:14 IST" finished-at="2022-03-22T18:12:14 IST">
          <reporter-output>
          </reporter-output>
        </test-method> <!-- NavtiveApps -->
      </class> <!-- Maven.AppiumTest -->
      <class name="Maven.seleniumTest">
        <test-method status="PASS" signature="BrowserAutomation()[pri:0, instance:Maven.seleniumTest@43814d18]" name="BrowserAutomation" duration-ms="1" started-at="2022-03-22T18:12:14 IST" finished-at="2022-03-22T18:12:14 IST">
          <reporter-output>
          </reporter-output>
        </test-method> <!-- BrowserAutomation -->
        <test-method status="PASS" signature="ElmentsUI()[pri:0, instance:Maven.seleniumTest@43814d18]" name="ElmentsUI" duration-ms="0" started-at="2022-03-22T18:12:14 IST" finished-at="2022-03-22T18:12:14 IST">
          <reporter-output>
          </reporter-output>
        </test-method> <!-- ElmentsUI -->
      </class> <!-- Maven.seleniumTest -->
    </test> <!-- Surefire test -->
  </suite> <!-- Surefire suite -->
</testng-results>
