<?xml version="1.0" encoding="UTF-8"?>
<!-- Generated by org.testng.reporters.JUnitXMLReporter -->
<testsuite hostname="Vivkes-Mac-mini.local" ignored="0" name="Test" tests="4" failures="0" timestamp="2022-03-23T10:32:27 IST" time="0.061" errors="0">
  <testcase name="deleteTwitter" time="0.008" classname="Maven.ApiTest"/>
  <testcase name="postjira" time="0.0" classname="Maven.ApiTest"/>
  <testcase name="IOSApps" time="0.0" classname="Maven.AppiumTest"/>
  <testcase name="NavtiveApps" time="0.0" classname="Maven.AppiumTest"/>
</testsuite> <!-- Test -->
