<?xml version="1.0" encoding="UTF-8"?>
<testng-results skipped="0" failed="0" ignored="0" total="4" passed="4">
  <reporter-output>
  </reporter-output>
  <suite name="Suite" duration-ms="61" started-at="2022-03-23T10:32:27 IST" finished-at="2022-03-23T10:32:27 IST">
    <groups>
    </groups>
    <test name="Test" duration-ms="61" started-at="2022-03-23T10:32:27 IST" finished-at="2022-03-23T10:32:27 IST">
      <class name="Maven.ApiTest">
        <test-method status="PASS" signature="deleteTwitter()[pri:0, instance:Maven.ApiTest@7fac631b]" name="deleteTwitter" duration-ms="8" started-at="2022-03-23T10:32:27 IST" finished-at="2022-03-23T10:32:27 IST">
          <reporter-output>
          </reporter-output>
        </test-method> <!-- deleteTwitter -->
        <test-method status="PASS" signature="postjira()[pri:0, instance:Maven.ApiTest@7fac631b]" name="postjira" duration-ms="0" started-at="2022-03-23T10:32:27 IST" finished-at="2022-03-23T10:32:27 IST">
          <reporter-output>
          </reporter-output>
        </test-method> <!-- postjira -->
      </class> <!-- Maven.ApiTest -->
      <class name="Maven.AppiumTest">
        <test-method status="PASS" signature="IOSApps()[pri:0, instance:Maven.AppiumTest@2758fe70]" name="IOSApps" duration-ms="0" started-at="2022-03-23T10:32:27 IST" finished-at="2022-03-23T10:32:27 IST">
          <reporter-output>
          </reporter-output>
        </test-method> <!-- IOSApps -->
        <test-method status="PASS" signature="NavtiveApps()[pri:0, instance:Maven.AppiumTest@2758fe70]" name="NavtiveApps" duration-ms="0" started-at="2022-03-23T10:32:27 IST" finished-at="2022-03-23T10:32:27 IST">
          <reporter-output>
          </reporter-output>
        </test-method> <!-- NavtiveApps -->
      </class> <!-- Maven.AppiumTest -->
    </test> <!-- Test -->
  </suite> <!-- Suite -->
</testng-results>
